2014/04/28 00:09:53 [error] [exception.CDbException] exception 'CDbException' with message 'CDbConnection failed to open the DB connection: SQLSTATE[42000] [1049] Unknown database 'YiiTest'' in /home/u32/www/yiitest/libs/yiiframework/db/CDbConnection.php:382
Stack trace:
#0 /home/u32/www/yiitest/libs/yiiframework/db/CDbConnection.php(330): CDbConnection->open()
#1 /home/u32/www/yiitest/libs/yiiframework/db/CDbConnection.php(308): CDbConnection->setActive(true)
#2 /home/u32/www/yiitest/libs/yiiframework/base/CModule.php(387): CDbConnection->init()
#3 /home/u32/www/yiitest/libs/yiiframework/base/CModule.php(103): CModule->getComponent('db')
#4 /home/u32/www/yiitest/protected/controllers/DbController.php(13): CModule->__get('db')
#5 /home/u32/www/yiitest/libs/yiiframework/web/actions/CInlineAction.php(49): DbController->actionTest()
#6 /home/u32/www/yiitest/libs/yiiframework/web/CController.php(309): CInlineAction->runWithParams(Array)
#7 /home/u32/www/yiitest/libs/yiiframework/web/CController.php(287): CController->runAction(Object(CInlineAction))
#8 /home/u32/www/yiitest/libs/yiiframework/web/CController.php(266): CController->runActionWithFilters(Object(CInlineAction), Array)
#9 /home/u32/www/yiitest/libs/yiiframework/web/CWebApplication.php(283): CController->run('test')
#10 /home/u32/www/yiitest/libs/yiiframework/web/CWebApplication.php(142): CWebApplication->runController('db/test')
#11 /home/u32/www/yiitest/libs/yiiframework/base/CApplication.php(180): CWebApplication->processRequest()
#12 /home/u32/www/yiitest/index.php(13): CApplication->run()
#13 {main}
REQUEST_URI=/db/test
---
2014/04/28 00:12:02 [error] [exception.CDbException] exception 'CDbException' with message 'CDbConnection failed to open the DB connection: SQLSTATE[42000] [1049] Unknown database 'YiiTest'' in /home/u32/www/yiitest/libs/yiiframework/db/CDbConnection.php:382
Stack trace:
#0 /home/u32/www/yiitest/libs/yiiframework/db/CDbConnection.php(330): CDbConnection->open()
#1 /home/u32/www/yiitest/libs/yiiframework/db/CDbConnection.php(308): CDbConnection->setActive(true)
#2 /home/u32/www/yiitest/libs/yiiframework/base/CModule.php(387): CDbConnection->init()
#3 /home/u32/www/yiitest/libs/yiiframework/base/CModule.php(103): CModule->getComponent('db')
#4 /home/u32/www/yiitest/protected/controllers/DbController.php(13): CModule->__get('db')
#5 /home/u32/www/yiitest/libs/yiiframework/web/actions/CInlineAction.php(49): DbController->actionTest()
#6 /home/u32/www/yiitest/libs/yiiframework/web/CController.php(309): CInlineAction->runWithParams(Array)
#7 /home/u32/www/yiitest/libs/yiiframework/web/CController.php(287): CController->runAction(Object(CInlineAction))
#8 /home/u32/www/yiitest/libs/yiiframework/web/CController.php(266): CController->runActionWithFilters(Object(CInlineAction), Array)
#9 /home/u32/www/yiitest/libs/yiiframework/web/CWebApplication.php(283): CController->run('test')
#10 /home/u32/www/yiitest/libs/yiiframework/web/CWebApplication.php(142): CWebApplication->runController('db/test')
#11 /home/u32/www/yiitest/libs/yiiframework/base/CApplication.php(180): CWebApplication->processRequest()
#12 /home/u32/www/yiitest/index.php(13): CApplication->run()
#13 {main}
REQUEST_URI=/db/test
---
